<?xml version="1.0" encoding="UTF-8"?>
<!-- Generated by org.testng.reporters.JUnitReportReporter -->
<testsuite hostname="LAPTOP-AFCS0RCN" failures="0" tests="1" name="crudeOperationWithoutBDD.AddProjectTest" time="8.094" errors="0" timestamp="2022-09-01T17:12:46 IST" skipped="0">
  <testcase classname="crudeOperationWithoutBDD.AddProjectTest" name="Create" time="8.094"/>
  <system-out/>
</testsuite> <!-- crudeOperationWithoutBDD.AddProjectTest -->
