<?xml version="1.0" encoding="UTF-8"?>
<!-- Generated by org.testng.reporters.JUnitReportReporter -->
<testsuite hostname="LAPTOP-AFCS0RCN" failures="0" tests="1" name="UsingPojoBDD.Xyz" time="2.479" errors="0" timestamp="2022-09-03T10:08:29 IST" skipped="0">
  <testcase classname="UsingPojoBDD.Xyz" name="create" time="2.479"/>
  <system-out/>
</testsuite> <!-- UsingPojoBDD.Xyz -->
