<?xml version="1.0" encoding="UTF-8"?>
<!-- Generated by org.testng.reporters.JUnitReportReporter -->
<testsuite hostname="LAPTOP-AFCS0RCN" failures="0" tests="1" name="crudeOperationWithoutBDD.UpdateProject" time="2.445" errors="0" timestamp="2022-09-01T17:52:25 IST" skipped="0">
  <testcase classname="crudeOperationWithoutBDD.UpdateProject" name="Create" time="2.445"/>
  <system-out/>
</testsuite> <!-- crudeOperationWithoutBDD.UpdateProject -->
