<?xml version="1.0" encoding="UTF-8"?>
<!-- Generated by org.testng.reporters.JUnitReportReporter -->
<testsuite hostname="LAPTOP-AFCS0RCN" failures="0" tests="1" name="reqresAPI.DeletApi" time="4.790" errors="0" timestamp="2022-09-05T11:29:48 IST" skipped="0">
  <testcase classname="reqresAPI.DeletApi" name="deletapi" time="4.790"/>
  <system-out/>
</testsuite> <!-- reqresAPI.DeletApi -->
