<?xml version="1.0" encoding="UTF-8"?>
<!-- Generated by org.testng.reporters.JUnitReportReporter -->
<testsuite hostname="LAPTOP-AFCS0RCN" failures="0" tests="1" name="requestChaining.PostAndPut" time="3.250" errors="0" timestamp="2022-09-05T17:16:42 IST" skipped="0">
  <testcase classname="requestChaining.PostAndPut" name="create" time="3.250"/>
  <system-out/>
</testsuite> <!-- requestChaining.PostAndPut -->
