<?xml version="1.0" encoding="UTF-8"?>
<!-- Generated by org.testng.reporters.JUnitReportReporter -->
<testsuite hostname="LAPTOP-AFCS0RCN" failures="0" tests="1" name="authentication.BasicAuthentication" time="2.719" errors="0" timestamp="2022-09-06T12:20:58 IST" skipped="0">
  <testcase classname="authentication.BasicAuthentication" name="basicAuth" time="2.719"/>
  <system-out/>
</testsuite> <!-- authentication.BasicAuthentication -->
