<?xml version="1.0" encoding="UTF-8"?>
<!-- Generated by org.testng.reporters.JUnitReportReporter -->
<testsuite hostname="LAPTOP-AFCS0RCN" failures="0" tests="1" name="requestChaining.GetAndDelete" time="2.710" errors="0" timestamp="2022-09-05T17:33:09 IST" skipped="0">
  <testcase classname="requestChaining.GetAndDelete" name="gac" time="2.710"/>
  <system-out/>
</testsuite> <!-- requestChaining.GetAndDelete -->
