<?xml version="1.0" encoding="UTF-8"?>
<!-- Generated by org.testng.reporters.JUnitReportReporter -->
<testsuite hostname="LAPTOP-AFCS0RCN" failures="0" tests="1" name="reqresAPI.GetResourceList" time="2.542" errors="0" timestamp="2022-09-05T11:18:07 IST" skipped="0">
  <testcase classname="reqresAPI.GetResourceList" name="getapi" time="2.542"/>
  <system-out/>
</testsuite> <!-- reqresAPI.GetResourceList -->
