<?xml version="1.0" encoding="UTF-8"?>
<!-- Generated by org.testng.reporters.JUnitReportReporter -->
<testsuite hostname="LAPTOP-AFCS0RCN" failures="0" tests="1" name="reqresAPI.GetSingleUserNotFound" time="3.396" errors="0" timestamp="2022-09-05T11:14:30 IST" skipped="0">
  <testcase classname="reqresAPI.GetSingleUserNotFound" name="getapi" time="3.396"/>
  <system-out/>
</testsuite> <!-- reqresAPI.GetSingleUserNotFound -->
