<?xml version="1.0" encoding="UTF-8"?>
<!-- Generated by org.testng.reporters.JUnitReportReporter -->
<testsuite hostname="LAPTOP-AFCS0RCN" failures="0" tests="1" name="crudWithBDD.DeleteProject" time="11.248" errors="0" timestamp="2022-09-03T11:37:27 IST" skipped="0">
  <testcase classname="crudWithBDD.DeleteProject" name="deleteProj" time="11.248"/>
  <system-out/>
</testsuite> <!-- crudWithBDD.DeleteProject -->
