<?xml version="1.0" encoding="UTF-8"?>
<!-- Generated by org.testng.reporters.JUnitReportReporter -->
<testsuite hostname="LAPTOP-AFCS0RCN" failures="0" tests="1" name="reqresAPI.PutApi" time="3.242" errors="0" timestamp="2022-09-05T11:27:55 IST" skipped="0">
  <testcase classname="reqresAPI.PutApi" name="create" time="3.242"/>
  <system-out/>
</testsuite> <!-- reqresAPI.PutApi -->
