<?xml version="1.0" encoding="UTF-8"?>
<!-- Generated by org.testng.reporters.JUnitReportReporter -->
<testsuite hostname="LAPTOP-AFCS0RCN" failures="0" tests="1" name="UsingPojoBDD.UsingHashMap" time="2.348" errors="0" timestamp="2022-09-03T11:30:03 IST" skipped="0">
  <testcase classname="UsingPojoBDD.UsingHashMap" name="develop" time="2.348"/>
  <system-out/>
</testsuite> <!-- UsingPojoBDD.UsingHashMap -->
