<?xml version="1.0" encoding="UTF-8"?>
<!-- Generated by org.testng.reporters.JUnitReportReporter -->
<testsuite hostname="LAPTOP-AFCS0RCN" failures="0" tests="1" name="requestChaining.PostAndDelete" time="3.398" errors="0" timestamp="2022-09-05T17:17:25 IST" skipped="0">
  <testcase classname="requestChaining.PostAndDelete" name="create" time="3.398"/>
  <system-out/>
</testsuite> <!-- requestChaining.PostAndDelete -->
