<?xml version="1.0" encoding="UTF-8"?>
<!-- Generated by org.testng.reporters.JUnitReportReporter -->
<testsuite hostname="LAPTOP-AFCS0RCN" failures="0" tests="1" name="validation.StaticValidation" time="2.593" errors="0" timestamp="2022-09-05T12:46:06 IST" skipped="0">
  <testcase classname="validation.StaticValidation" name="staticResponseGet" time="2.593"/>
  <system-out/>
</testsuite> <!-- validation.StaticValidation -->
