<?xml version="1.0" encoding="UTF-8"?>
<!-- Generated by org.testng.reporters.JUnitReportReporter -->
<testsuite hostname="LAPTOP-AFCS0RCN" failures="0" tests="1" name="pojoPorject.UsingJsonobj" time="2.853" errors="0" timestamp="2022-09-03T10:16:58 IST" skipped="0">
  <testcase classname="pojoPorject.UsingJsonobj" name="create" time="2.853"/>
  <system-out/>
</testsuite> <!-- pojoPorject.UsingJsonobj -->
