<?xml version="1.0" encoding="UTF-8"?>
<!-- Generated by org.testng.reporters.JUnitReportReporter -->
<testsuite hostname="LAPTOP-AFCS0RCN" failures="0" tests="1" name="parameters.UsingQueryParameter" time="3.726" errors="0" timestamp="2022-09-06T12:09:55 IST" skipped="0">
  <testcase classname="parameters.UsingQueryParameter" name="queryParameter" time="3.726"/>
  <system-out/>
</testsuite> <!-- parameters.UsingQueryParameter -->
