<?xml version="1.0" encoding="UTF-8"?>
<!-- Generated by org.testng.reporters.JUnitReportReporter -->
<testsuite hostname="LAPTOP-AFCS0RCN" failures="0" tests="1" name="validate.UsingHamcrestValidation" time="1.956" errors="0" timestamp="2022-09-05T15:29:30 IST" skipped="0">
  <testcase classname="validate.UsingHamcrestValidation" name="dynamicResponse" time="1.956"/>
  <system-out/>
</testsuite> <!-- validate.UsingHamcrestValidation -->
