<?xml version="1.0" encoding="UTF-8"?>
<!-- Generated by org.testng.reporters.JUnitReportReporter -->
<testsuite hostname="LAPTOP-AFCS0RCN" failures="0" tests="1" name="crudOperationUsingGenericUtilities.PostUsingGU" time="4.359" errors="0" timestamp="2022-09-07T13:06:23 IST" skipped="0">
  <testcase classname="crudOperationUsingGenericUtilities.PostUsingGU" name="create" time="4.359"/>
  <system-out/>
</testsuite> <!-- crudOperationUsingGenericUtilities.PostUsingGU -->
