<?xml version="1.0" encoding="UTF-8"?>
<!-- Generated by org.testng.reporters.JUnitReportReporter -->
<testsuite hostname="LAPTOP-AFCS0RCN" failures="0" tests="1" name="crudOperationUsingGenericUtilities.GetParticularProj" time="2.448" errors="0" timestamp="2022-09-07T15:01:28 IST" skipped="0">
  <testcase classname="crudOperationUsingGenericUtilities.GetParticularProj" name="getproj" time="2.448"/>
  <system-out/>
</testsuite> <!-- crudOperationUsingGenericUtilities.GetParticularProj -->
