<?xml version="1.0" encoding="UTF-8"?>
<!-- Generated by org.testng.reporters.JUnitReportReporter -->
<testsuite hostname="LAPTOP-AFCS0RCN" failures="0" tests="1" name="crudWithBDD.GetProject" time="1.868" errors="0" timestamp="2022-09-02T15:44:45 IST" skipped="0">
  <testcase classname="crudWithBDD.GetProject" name="getProject" time="1.868"/>
  <system-out/>
</testsuite> <!-- crudWithBDD.GetProject -->
