<?xml version="1.0" encoding="UTF-8"?>
<!-- Generated by org.testng.reporters.JUnitReportReporter -->
<testsuite hostname="LAPTOP-AFCS0RCN" failures="0" tests="1" name="authentication.Auth2" time="4.255" errors="0" timestamp="2022-09-06T15:27:09 IST" skipped="0">
  <testcase classname="authentication.Auth2" name="oauthAuthentication" time="4.255"/>
  <system-out/>
</testsuite> <!-- authentication.Auth2 -->
