<?xml version="1.0" encoding="UTF-8"?>
<!-- Generated by org.testng.reporters.JUnitReportReporter -->
<testsuite hostname="LAPTOP-AFCS0RCN" failures="0" tests="1" name="validation.DynamicValidation" time="2.741" errors="0" timestamp="2022-09-05T13:28:49 IST" skipped="0">
  <testcase classname="validation.DynamicValidation" name="dynamicResponse" time="2.741"/>
  <system-out/>
</testsuite> <!-- validation.DynamicValidation -->
