<?xml version="1.0" encoding="UTF-8"?>
<!-- Generated by org.testng.reporters.JUnitReportReporter -->
<testsuite hostname="LAPTOP-AFCS0RCN" failures="0" tests="1" name="petStoreSwagger.PostStore" time="4.386" errors="0" timestamp="2022-09-06T17:23:51 IST" skipped="0">
  <testcase classname="petStoreSwagger.PostStore" name="create" time="4.386"/>
  <system-out/>
</testsuite> <!-- petStoreSwagger.PostStore -->
