<?xml version="1.0" encoding="UTF-8"?>
<!-- Generated by org.testng.reporters.JUnitReportReporter -->
<testsuite hostname="LAPTOP-AFCS0RCN" failures="0" tests="1" name="authentication.Digest" time="2.405" errors="0" timestamp="2022-09-06T12:39:51 IST" skipped="0">
  <testcase classname="authentication.Digest" name="digest" time="2.405"/>
  <system-out/>
</testsuite> <!-- authentication.Digest -->
