<?xml version="1.0" encoding="UTF-8"?>
<!-- Generated by org.testng.reporters.JUnitReportReporter -->
<testsuite hostname="LAPTOP-AFCS0RCN" failures="0" tests="1" name="authentication.Bearertoken" time="5.021" errors="0" timestamp="2022-09-06T13:06:30 IST" skipped="0">
  <testcase classname="authentication.Bearertoken" name="token" time="5.021"/>
  <system-out/>
</testsuite> <!-- authentication.Bearertoken -->
