<?xml version="1.0" encoding="UTF-8"?>
<!-- Generated by org.testng.reporters.JUnitReportReporter -->
<testsuite hostname="LAPTOP-AFCS0RCN" failures="0" tests="1" name="crudeOperationWithoutBDD.GetProject" time="1.919" errors="0" timestamp="2022-09-01T17:46:29 IST" skipped="0">
  <testcase classname="crudeOperationWithoutBDD.GetProject" name="getProject" time="1.919"/>
  <system-out/>
</testsuite> <!-- crudeOperationWithoutBDD.GetProject -->
