<?xml version="1.0" encoding="UTF-8"?>
<!-- Generated by org.testng.reporters.JUnitReportReporter -->
<testsuite hostname="LAPTOP-AFCS0RCN" failures="0" tests="1" name="reqresAPI.GetSingleUser" time="3.561" errors="0" timestamp="2022-09-05T11:12:37 IST" skipped="0">
  <testcase classname="reqresAPI.GetSingleUser" name="getapi" time="3.561"/>
  <system-out/>
</testsuite> <!-- reqresAPI.GetSingleUser -->
