<?xml version="1.0" encoding="UTF-8"?>
<!-- Generated by org.testng.reporters.JUnitReportReporter -->
<testsuite hostname="LAPTOP-AFCS0RCN" failures="0" tests="1" name="crudOperationUsingGenericUtilities.UpdateProj" time="2.574" errors="0" timestamp="2022-09-07T15:10:03 IST" skipped="0">
  <testcase classname="crudOperationUsingGenericUtilities.UpdateProj" name="update" time="2.574"/>
  <system-out/>
</testsuite> <!-- crudOperationUsingGenericUtilities.UpdateProj -->
