<?xml version="1.0" encoding="UTF-8"?>
<!-- Generated by org.testng.reporters.JUnitReportReporter -->
<testsuite hostname="LAPTOP-AFCS0RCN" failures="0" tests="1" name="crudWithBDD.AddProjectTest" time="17.603" errors="0" timestamp="2022-09-02T16:08:40 IST" skipped="0">
  <testcase classname="crudWithBDD.AddProjectTest" name="create" time="17.603"/>
  <system-out/>
</testsuite> <!-- crudWithBDD.AddProjectTest -->
