<?xml version="1.0" encoding="UTF-8"?>
<!-- Generated by org.testng.reporters.JUnitReportReporter -->
<testsuite hostname="LAPTOP-AFCS0RCN" failures="0" tests="1" name="parameters.UsingPathParameter" time="2.358" errors="0" timestamp="2022-09-06T11:55:28 IST" skipped="0">
  <testcase classname="parameters.UsingPathParameter" name="getSingleProjectparam" time="2.358"/>
  <system-out/>
</testsuite> <!-- parameters.UsingPathParameter -->
