<?xml version="1.0" encoding="UTF-8"?>
<!-- Generated by org.testng.reporters.JUnitReportReporter -->
<testsuite hostname="LAPTOP-AFCS0RCN" failures="0" tests="1" name="reqresAPI.GetApi" time="3.010" errors="0" timestamp="2022-09-05T11:10:43 IST" skipped="0">
  <testcase classname="reqresAPI.GetApi" name="getapi" time="3.010"/>
  <system-out/>
</testsuite> <!-- reqresAPI.GetApi -->
