<?xml version="1.0" encoding="UTF-8"?>
<!-- Generated by org.testng.reporters.JUnitReportReporter -->
<testsuite hostname="LAPTOP-AFCS0RCN" failures="0" tests="1" name="crudWithBDD.UpdateProject" time="2.132" errors="0" timestamp="2022-09-02T15:51:53 IST" skipped="0">
  <testcase classname="crudWithBDD.UpdateProject" name="create" time="2.132"/>
  <system-out/>
</testsuite> <!-- crudWithBDD.UpdateProject -->
