<?xml version="1.0" encoding="UTF-8"?>
<!-- Generated by org.testng.reporters.JUnitReportReporter -->
<testsuite hostname="LAPTOP-AFCS0RCN" failures="0" tests="1" name="UsingPojoBDD.UsingJsonFile" time="1.875" errors="0" timestamp="2022-09-03T11:33:16 IST" skipped="0">
  <testcase classname="UsingPojoBDD.UsingJsonFile" name="devop" time="1.875"/>
  <system-out/>
</testsuite> <!-- UsingPojoBDD.UsingJsonFile -->
