<?xml version="1.0" encoding="UTF-8"?>
<!-- Generated by org.testng.reporters.JUnitReportReporter -->
<testsuite hostname="LAPTOP-AFCS0RCN" failures="0" tests="1" name="crudOperationUsingGenericUtilities.DeleteProj" time="2.121" errors="0" timestamp="2022-09-07T15:06:16 IST" skipped="0">
  <testcase classname="crudOperationUsingGenericUtilities.DeleteProj" name="delete" time="2.121"/>
  <system-out/>
</testsuite> <!-- crudOperationUsingGenericUtilities.DeleteProj -->
