<?xml version="1.0" encoding="UTF-8"?>
<!-- Generated by org.testng.reporters.JUnitReportReporter -->
<testsuite hostname="LAPTOP-AFCS0RCN" failures="0" tests="1" name="UsingPojoBDD.UsingJsonobj" time="2.415" errors="0" timestamp="2022-09-03T10:31:38 IST" skipped="0">
  <testcase classname="UsingPojoBDD.UsingJsonobj" name="create" time="2.415"/>
  <system-out/>
</testsuite> <!-- UsingPojoBDD.UsingJsonobj -->
