<?xml version="1.0" encoding="UTF-8"?>
<!-- Generated by org.testng.reporters.JUnitReportReporter -->
<testsuite hostname="LAPTOP-AFCS0RCN" failures="0" tests="1" name="requestChaining.UsingRequestChaining" time="3.166" errors="0" timestamp="2022-09-05T17:08:44 IST" skipped="0">
  <testcase classname="requestChaining.UsingRequestChaining" name="create" time="3.166"/>
  <system-out/>
</testsuite> <!-- requestChaining.UsingRequestChaining -->
