<?xml version="1.0" encoding="UTF-8"?>
<!-- Generated by org.testng.reporters.JUnitReportReporter -->
<testsuite hostname="LAPTOP-AFCS0RCN" failures="0" tests="1" name="crudeOperationWithoutBDD.DeleteProject" time="2.268" errors="0" timestamp="2022-09-01T18:01:08 IST" skipped="0">
  <testcase classname="crudeOperationWithoutBDD.DeleteProject" name="deleteProject" time="2.268"/>
  <system-out/>
</testsuite> <!-- crudeOperationWithoutBDD.DeleteProject -->
