<?xml version="1.0" encoding="UTF-8"?>
<!-- Generated by org.testng.reporters.JUnitReportReporter -->
<testsuite hostname="LAPTOP-AFCS0RCN" failures="0" tests="1" name="reqresAPI.PostApi" time="3.321" errors="0" timestamp="2022-09-05T11:25:59 IST" skipped="0">
  <testcase classname="reqresAPI.PostApi" name="create" time="3.321"/>
  <system-out/>
</testsuite> <!-- reqresAPI.PostApi -->
