<?xml version="1.0" encoding="UTF-8"?>
<!-- Generated by org.testng.reporters.JUnitReportReporter -->
<testsuite hostname="LAPTOP-AFCS0RCN" failures="0" tests="1" name="reqresAPI.GetSingleResource" time="2.406" errors="0" timestamp="2022-09-05T11:19:44 IST" skipped="0">
  <testcase classname="reqresAPI.GetSingleResource" name="getapi" time="2.406"/>
  <system-out/>
</testsuite> <!-- reqresAPI.GetSingleResource -->
