<?xml version="1.0" encoding="UTF-8"?>
<!-- Generated by org.testng.reporters.JUnitReportReporter -->
<testsuite hostname="LAPTOP-AFCS0RCN" failures="0" tests="1" name="petStoreSwagger.GetStorePet" time="3.681" errors="0" timestamp="2022-09-06T17:45:04 IST" skipped="0">
  <testcase classname="petStoreSwagger.GetStorePet" name="getPet" time="3.681"/>
  <system-out/>
</testsuite> <!-- petStoreSwagger.GetStorePet -->
