<?xml version="1.0" encoding="UTF-8"?>
<!-- Generated by org.testng.reporters.JUnitReportReporter -->
<testsuite hostname="LAPTOP-AFCS0RCN" failures="0" tests="1" name="reqresAPI.GetUnknownResource" time="3.334" errors="0" timestamp="2022-09-05T11:22:23 IST" skipped="0">
  <testcase classname="reqresAPI.GetUnknownResource" name="getapi" time="3.334"/>
  <system-out/>
</testsuite> <!-- reqresAPI.GetUnknownResource -->
