<?xml version="1.0" encoding="UTF-8"?>
<!-- Generated by org.testng.reporters.JUnitReportReporter -->
<testsuite hostname="LAPTOP-AFCS0RCN" failures="0" tests="1" name="authentication.PreemptiveMethod" time="3.037" errors="0" timestamp="2022-09-06T12:34:04 IST" skipped="0">
  <testcase classname="authentication.PreemptiveMethod" name="preempAuth" time="3.037"/>
  <system-out/>
</testsuite> <!-- authentication.PreemptiveMethod -->
