<?xml version="1.0" encoding="UTF-8"?>
<!-- Generated by org.testng.reporters.JUnitReportReporter -->
<testsuite hostname="LAPTOP-AFCS0RCN" failures="0" tests="1" name="crudOperationUsingGenericUtilities.GetUsingGU" time="2.157" errors="0" timestamp="2022-09-07T13:18:09 IST" skipped="0">
  <testcase classname="crudOperationUsingGenericUtilities.GetUsingGU" name="getproj" time="2.157"/>
  <system-out/>
</testsuite> <!-- crudOperationUsingGenericUtilities.GetUsingGU -->
