<?xml version="1.0" encoding="UTF-8"?>
<!-- Generated by org.testng.reporters.JUnitReportReporter -->
<testsuite hostname="LAPTOP-AFCS0RCN" failures="0" tests="1" name="crudeOperationWithoutBDD.GetAllProject" time="2.458" errors="0" timestamp="2022-09-01T17:51:06 IST" skipped="0">
  <testcase classname="crudeOperationWithoutBDD.GetAllProject" name="getAllProject" time="2.458"/>
  <system-out/>
</testsuite> <!-- crudeOperationWithoutBDD.GetAllProject -->
