<?xml version="1.0" encoding="UTF-8"?>
<!-- Generated by org.testng.reporters.JUnitReportReporter -->
<testsuite hostname="LAPTOP-AFCS0RCN" failures="0" tests="1" name="crudOperationUsingGenericUtilities.EndToEndTesting" time="15.157" errors="0" timestamp="2022-09-07T16:58:53 IST" skipped="0">
  <testcase classname="crudOperationUsingGenericUtilities.EndToEndTesting" name="eee" time="15.157"/>
  <system-out/>
</testsuite> <!-- crudOperationUsingGenericUtilities.EndToEndTesting -->
